# JRE version: OpenJDK Runtime Environment (16.0.2+7) (build 16.0.2+7-67)
# Java VM: OpenJDK 64-Bit Server VM (16.0.2+7-67, mixed mode, sharing, tiered, compressed oops, compressed class ptrs, g1 gc, windows-amd64)
GC Precious Log:
 CPUs: 8 total, 8 available
 Memory: 8083M
 Large Page Support: Disabled
 NUMA Support: Disabled
 Compressed Oops: Enabled (32-bit)
 Heap Region Size: 1M
 Heap Min Capacity: 8M
 Heap Initial Capacity: 128M
 Heap Max Capacity: 2022M
 Pre-touch: Disabled
 Parallel Workers: 8
 Concurrent Workers: 2
 Concurrent Refinement Workers: 8
 Periodic GC: Disabled
Heap:
 garbage-first heap   total 75776K, used 36617K [0x0000000081a00000, 0x0000000100000000)
  region size 1024K, 16 young (16384K), 4 survivors (4096K)
 Metaspace       used 49202K, committed 49600K, reserved 1097728K
  class space    used 6939K, committed 7168K, reserved 1048576K
GC Heap History (20 events):
Event: 3.238 GC heap before
{Heap before GC invocations=2 (full 0):
 garbage-first heap   total 131072K, used 55701K [0x0000000081a00000, 0x0000000100000000)
  region size 1024K, 48 young (49152K), 2 survivors (2048K)
 Metaspace       used 17872K, committed 18176K, reserved 1064960K
  class space    used 2396K, committed 2560K, reserved 1048576K
}
Event: 3.244 GC heap after
{Heap after GC invocations=3 (full 0):
 garbage-first heap   total 131072K, used 11520K [0x0000000081a00000, 0x0000000100000000)
  region size 1024K, 4 young (4096K), 4 survivors (4096K)
 Metaspace       used 17872K, committed 18176K, reserved 1064960K
  class space    used 2396K, committed 2560K, reserved 1048576K
}
Event: 4.235 GC heap before
{Heap before GC invocations=3 (full 0):
 garbage-first heap   total 131072K, used 65792K [0x0000000081a00000, 0x0000000100000000)
  region size 1024K, 59 young (60416K), 4 survivors (4096K)
 Metaspace       used 20912K, committed 21248K, reserved 1073152K
  class space    used 2837K, committed 3008K, reserved 1048576K
}
Event: 4.247 GC heap after
{Heap after GC invocations=4 (full 0):
 garbage-first heap   total 131072K, used 13221K [0x0000000081a00000, 0x0000000100000000)
  region size 1024K, 6 young (6144K), 6 survivors (6144K)
 Metaspace       used 20912K, committed 21248K, reserved 1073152K
  class space    used 2837K, committed 3008K, reserved 1048576K
}
Event: 5.783 GC heap before
{Heap before GC invocations=5 (full 0):
 garbage-first heap   total 51200K, used 50085K [0x0000000081a00000, 0x0000000100000000)
  region size 1024K, 42 young (43008K), 6 survivors (6144K)
 Metaspace       used 25473K, committed 25792K, reserved 1073152K
  class space    used 3592K, committed 3712K, reserved 1048576K
}
Event: 5.795 GC heap after
{Heap after GC invocations=6 (full 0):
 garbage-first heap   total 59392K, used 16150K [0x0000000081a00000, 0x0000000100000000)
  region size 1024K, 8 young (8192K), 8 survivors (8192K)
 Metaspace       used 25473K, committed 25792K, reserved 1073152K
  class space    used 3592K, committed 3712K, reserved 1048576K
}
Event: 5.992 GC heap before
{Heap before GC invocations=6 (full 0):
 garbage-first heap   total 59392K, used 41750K [0x0000000081a00000, 0x0000000100000000)
  region size 1024K, 34 young (34816K), 8 survivors (8192K)
 Metaspace       used 27104K, committed 27456K, reserved 1073152K
  class space    used 3743K, committed 3904K, reserved 1048576K
}
Event: 6.014 GC heap after
{Heap after GC invocations=7 (full 0):
 garbage-first heap   total 59392K, used 17338K [0x0000000081a00000, 0x0000000100000000)
  region size 1024K, 2 young (2048K), 2 survivors (2048K)
 Metaspace       used 27104K, committed 27456K, reserved 1073152K
  class space    used 3743K, committed 3904K, reserved 1048576K
}
Event: 6.171 GC heap before
{Heap before GC invocations=7 (full 0):
 garbage-first heap   total 59392K, used 41914K [0x0000000081a00000, 0x0000000100000000)
  region size 1024K, 27 young (27648K), 2 survivors (2048K)
 Metaspace       used 27592K, committed 27968K, reserved 1073152K
  class space    used 3805K, committed 3968K, reserved 1048576K
}
Event: 6.176 GC heap after
{Heap after GC invocations=8 (full 0):
 garbage-first heap   total 59392K, used 16731K [0x0000000081a00000, 0x0000000100000000)
  region size 1024K, 1 young (1024K), 1 survivors (1024K)
 Metaspace       used 27592K, committed 27968K, reserved 1073152K
  class space    used 3805K, committed 3968K, reserved 1048576K
}
Event: 6.904 GC heap before
{Heap before GC invocations=8 (full 0):
 garbage-first heap   total 59392K, used 44379K [0x0000000081a00000, 0x0000000100000000)
  region size 1024K, 28 young (28672K), 1 survivors (1024K)
 Metaspace       used 32907K, committed 33344K, reserved 1081344K
  class space    used 4630K, committed 4864K, reserved 1048576K
}
Event: 6.918 GC heap after
{Heap after GC invocations=9 (full 0):
 garbage-first heap   total 80896K, used 18463K [0x0000000081a00000, 0x0000000100000000)
  region size 1024K, 3 young (3072K), 3 survivors (3072K)
 Metaspace       used 32907K, committed 33344K, reserved 1081344K
  class space    used 4630K, committed 4864K, reserved 1048576K
}
Event: 7.338 GC heap before
{Heap before GC invocations=9 (full 0):
 garbage-first heap   total 80896K, used 27679K [0x0000000081a00000, 0x0000000100000000)
  region size 1024K, 13 young (13312K), 3 survivors (3072K)
 Metaspace       used 35214K, committed 35520K, reserved 1081344K
  class space    used 4866K, committed 4992K, reserved 1048576K
}
Event: 7.351 GC heap after
{Heap after GC invocations=10 (full 0):
 garbage-first heap   total 80896K, used 19516K [0x0000000081a00000, 0x0000000100000000)
  region size 1024K, 4 young (4096K), 4 survivors (4096K)
 Metaspace       used 35214K, committed 35520K, reserved 1081344K
  class space    used 4866K, committed 4992K, reserved 1048576K
}
Event: 8.948 GC heap before
{Heap before GC invocations=11 (full 0):
 garbage-first heap   total 75776K, used 58428K [0x0000000081a00000, 0x0000000100000000)
  region size 1024K, 42 young (43008K), 4 survivors (4096K)
 Metaspace       used 42892K, committed 43264K, reserved 1089536K
  class space    used 6045K, committed 6272K, reserved 1048576K
}
Event: 8.969 GC heap after
{Heap after GC invocations=12 (full 0):
 garbage-first heap   total 75776K, used 21574K [0x0000000081a00000, 0x0000000100000000)
  region size 1024K, 5 young (5120K), 5 survivors (5120K)
 Metaspace       used 42892K, committed 43264K, reserved 1089536K
  class space    used 6045K, committed 6272K, reserved 1048576K
}
Event: 9.972 GC heap before
{Heap before GC invocations=12 (full 0):
 garbage-first heap   total 75776K, used 56390K [0x0000000081a00000, 0x0000000100000000)
  region size 1024K, 39 young (39936K), 5 survivors (5120K)
 Metaspace       used 46204K, committed 46592K, reserved 1089536K
  class space    used 6504K, committed 6720K, reserved 1048576K
}
Event: 9.995 GC heap after
{Heap after GC invocations=13 (full 0):
 garbage-first heap   total 75776K, used 23812K [0x0000000081a00000, 0x0000000100000000)
  region size 1024K, 5 young (5120K), 5 survivors (5120K)
 Metaspace       used 46204K, committed 46592K, reserved 1089536K
  class space    used 6504K, committed 6720K, reserved 1048576K
}
Event: 10.877 GC heap before
{Heap before GC invocations=13 (full 0):
 garbage-first heap   total 75776K, used 56580K [0x0000000081a00000, 0x0000000100000000)
  region size 1024K, 37 young (37888K), 5 survivors (5120K)
 Metaspace       used 48055K, committed 48448K, reserved 1097728K
  class space    used 6786K, committed 6976K, reserved 1048576K
}
Event: 10.884 GC heap after
{Heap after GC invocations=14 (full 0):
 garbage-first heap   total 75776K, used 25353K [0x0000000081a00000, 0x0000000100000000)
  region size 1024K, 4 young (4096K), 4 survivors (4096K)
 Metaspace       used 48055K, committed 48448K, reserved 1097728K
  class space    used 6786K, committed 6976K, reserved 1048576K
}

